100 2e-06
1100 1e-06
2100 1e-06
3100 1e-06
4100 0
5100 1e-06
6100 1e-06
7100 1e-06
8100 1e-06
9100 1e-06
10100 1e-06
11100 0
12100 1e-06
13100 0
14100 2e-06
15100 1e-06
16100 1e-06
17100 9e-06
18100 1e-06
19100 1e-06
20100 1e-06
21100 1e-06
22100 1e-06
23100 1e-06
24100 1e-06
25100 0
26100 1e-06
27100 0
28100 1e-06
29100 0
30100 1e-06
31100 1e-06
32100 0
33100 1e-06
34100 1e-06
35100 0
36100 1e-06
37100 0
38100 1e-06
39100 1e-06
40100 0
41100 1e-06
42100 0
43100 1e-06
44100 1e-06
45100 0
46100 1e-06
47100 1e-06
48100 0
49100 1e-06
50100 0
51100 1e-06
52100 1e-06
53100 0
54100 1e-06
55100 1e-06
56100 0
57100 1e-06
58100 0
59100 1e-06
60100 1e-06
61100 0
62100 1e-06
63100 0
64100 1e-06
65100 1e-06
66100 0
67100 1e-06
68100 0
69100 1e-06
70100 1e-06
71100 0
72100 1e-06
73100 1e-06
74100 0
75100 1e-06
76100 1e-06
77100 1e-05
78100 0
79100 1e-06
80100 1e-06
81100 1e-06
82100 1e-06
83100 1e-06
84100 1e-06
85100 1e-06
86100 1e-06
87100 1e-06
88100 1e-06
89100 1e-06
90100 1e-06
91100 1e-06
92100 0
93100 1e-06
94100 1e-06
95100 1e-06
96100 0
97100 0
98100 1e-06
99100 1e-06
