100 1.6e-05
1100 1e-06
2100 1e-06
3100 1e-06
4100 1e-06
5100 1e-06
6100 1e-06
7100 1e-06
8100 4e-06
9100 1e-06
10100 1e-06
11100 2e-06
12100 1e-06
13100 1e-06
14100 2e-06
15100 2e-06
16100 1e-06
17100 1e-05
18100 1e-06
19100 2e-06
20100 1e-06
21100 1e-06
22100 1e-06
23100 1e-06
24100 1e-06
25100 1e-06
26100 1e-06
27100 1e-06
28100 1e-06
29100 2e-06
30100 1e-06
31100 1e-06
32100 1e-06
33100 1e-06
34100 1e-06
35100 1e-06
36100 2e-06
37100 1e-06
38100 1e-06
39100 1e-06
40100 1e-06
41100 1e-06
42100 1e-06
43100 2e-06
44100 1e-06
45100 1e-06
46100 1e-06
47100 1e-06
48100 1e-06
49100 1e-06
50100 1e-06
51100 1e-06
52100 1e-06
53100 2e-06
54100 1e-06
55100 1e-06
56100 1e-06
57100 1e-06
58100 1e-06
59100 1e-06
60100 1e-06
61100 1e-06
62100 1e-06
63100 2e-06
64100 1e-06
65100 1e-06
66100 1e-06
67100 2e-06
68100 1e-06
69100 1e-06
70100 1e-06
71100 1e-06
72100 2e-06
73100 1e-06
74100 1e-06
75100 1e-06
76100 1e-06
77100 1e-06
78100 1e-06
79100 1e-06
80100 1e-06
81100 1e-06
82100 1e-06
83100 2e-06
84100 2e-06
85100 1e-06
86100 1e-06
87100 1e-06
88100 1e-06
89100 1e-06
90100 1e-06
91100 1e-06
92100 1e-06
93100 4e-06
94100 2e-06
95100 1e-06
96100 1e-06
97100 2e-06
98100 1e-06
99100 1e-06
