100 2.8e-05
200 0.000108
300 0.00024
400 0.000433
500 0.000689
600 0.000954
700 0.001325
800 0.001723
900 0.002196
1000 0.002691
1100 0.003679
1200 0.004131
1300 0.004568
1400 0.00535
1500 0.006174
1600 0.0068
1700 0.007744
1800 0.008679
1900 0.009862
2000 0.010854
2100 0.01221
2200 0.013061
2300 0.01437
2400 0.015328
2500 0.017005
2600 0.018483
2700 0.019798
2800 0.021299
2900 0.022614
3000 0.024505
3100 0.025566
3200 0.027685
3300 0.029669
3400 0.033141
3500 0.033325
3600 0.035611
3700 0.037457
3800 0.040114
3900 0.042938
4000 0.044322
4100 0.046997
4200 0.049612
4300 0.050514
4400 0.051777
4500 0.051615
4600 0.053022
4700 0.056278
4800 0.057872
4900 0.061072
5000 0.064238
5100 0.067011
5200 0.069745
5300 0.071456
5400 0.076668
5500 0.078372
5600 0.080587
5700 0.082998
5800 0.083165
5900 0.093528
6000 0.09232
6100 0.097168
6200 0.098258
6300 0.100669
6400 0.107146
6500 0.108804
6600 0.111892
6700 0.116261
6800 0.12081
6900 0.120464
7000 0.128191
7100 0.128643
7200 0.128714
7300 0.141021
7400 0.140784
7500 0.142341
7600 0.146797
7700 0.150674
7800 0.155042
7900 0.163082
8000 0.164635
8100 0.168865
8200 0.17422
8300 0.180425
8400 0.180229
8500 0.186814
8600 0.189665
8700 0.195444
8800 0.197798
8900 0.20282
9000 0.208543
9100 0.209757
9200 0.214235
9300 0.217509
9400 0.222605
9500 0.22997
9600 0.233961
9700 0.241499
9800 0.24674
9900 0.251652
