100000 0.001259
200000 0.002458
300000 0.003603
400000 0.004914
500000 0.006305
600000 0.007534
700000 0.00882
800000 0.010172
900000 0.011561
1000000 0.01236
1100000 0.013608
1200000 0.015063
1300000 0.016209
1400000 0.017205
1500000 0.018502
1600000 0.019737
1700000 0.020989
1800000 0.022426
1900000 0.023625
2000000 0.025495
2100000 0.025692
2200000 0.027061
2300000 0.02884
2400000 0.029511
2500000 0.030867
2600000 0.032091
2700000 0.033434
2800000 0.03472
2900000 0.03568
3000000 0.037498
3100000 0.038557
3200000 0.039412
3300000 0.040549
3400000 0.043428
3500000 0.04426
3600000 0.045517
3700000 0.046413
3800000 0.04692
3900000 0.049393
4000000 0.049478
4100000 0.050681
4200000 0.052248
4300000 0.053444
4400000 0.055666
4500000 0.056269
4600000 0.058334
4700000 0.059282
4800000 0.060786
4900000 0.060781
5000000 0.061962
5100000 0.064098
5200000 0.066869
5300000 0.065592
5400000 0.081495
5500000 0.072917
5600000 0.070944
5700000 0.071763
5800000 0.073212
5900000 0.074422
6000000 0.075696
6100000 0.076148
6200000 0.077594
6300000 0.077387
6400000 0.0809
6500000 0.083037
6600000 0.090796
6700000 0.085258
6800000 0.086587
6900000 0.088791
7000000 0.088576
7100000 0.091395
7200000 0.091287
7300000 0.092271
7400000 0.094214
7500000 0.096475
7600000 0.101919
7700000 0.098122
7800000 0.10313
7900000 0.100106
8000000 0.103026
8100000 0.101361
8200000 0.104706
8300000 0.104893
8400000 0.105037
8500000 0.108439
8600000 0.109464
8700000 0.111704
8800000 0.112605
8900000 0.113569
9000000 0.118798
9100000 0.114885
9200000 0.11856
9300000 0.120425
9400000 0.1194
9500000 0.121686
9600000 0.121044
9700000 0.134571
9800000 0.126454
9900000 0.13027
10000000 0.126269
10100000 0.134304
10200000 0.131623
10300000 0.130361
10400000 0.130764
10500000 0.131516
10600000 0.133273
10700000 0.138773
10800000 0.137632
10900000 0.137676
11000000 0.141289
11100000 0.138977
11200000 0.141791
11300000 0.144136
11400000 0.147192
11500000 0.149927
11600000 0.14762
11700000 0.146914
11800000 0.149585
11900000 0.14968
12000000 0.153103
12100000 0.158949
12200000 0.156217
12300000 0.156798
12400000 0.161196
12500000 0.163443
12600000 0.158139
12700000 0.161887
12800000 0.162105
12900000 0.163642
13000000 0.163422
13100000 0.173352
13200000 0.164429
13300000 0.169716
13400000 0.16846
13500000 0.172816
13600000 0.17291
13700000 0.173155
13800000 0.177177
13900000 0.180186
14000000 0.175697
14100000 0.178472
14200000 0.177406
14300000 0.181496
14400000 0.184268
14500000 0.182406
14600000 0.182641
14700000 0.190728
14800000 0.186002
14900000 0.187753
15000000 0.187625
15100000 0.189191
15200000 0.194223
15300000 0.198164
15400000 0.193327
15500000 0.196248
15600000 0.200803
15700000 0.208806
15800000 0.208169
15900000 0.211139
16000000 0.219407
16100000 0.210785
16200000 0.202685
16300000 0.207626
16400000 0.214199
16500000 0.207492
16600000 0.208005
16700000 0.217811
16800000 0.210051
16900000 0.218359
17000000 0.21479
17100000 0.213144
17200000 0.214985
17300000 0.219772
17400000 0.223838
17500000 0.225629
17600000 0.237255
17700000 0.231132
17800000 0.22425
17900000 0.226426
18000000 0.224998
18100000 0.229327
18200000 0.233587
18300000 0.244822
18400000 0.234312
18500000 0.232726
18600000 0.232848
18700000 0.235439
18800000 0.236158
18900000 0.238578
19000000 0.237745
19100000 0.240588
19200000 0.245717
19300000 0.254112
19400000 0.245246
19500000 0.245697
19600000 0.246636
19700000 0.246401
19800000 0.249923
19900000 0.251627
