10000 0.08017
20000 0.07931
30000 0.078837
40000 0.080037
50000 0.079702
60000 0.08194
70000 0.08073
80000 0.076916
90000 0.079876
100000 0.093359
110000 0.045003
120000 0.081157
130000 0.081474
140000 0.079521
150000 0.079811
160000 0.079362
170000 0.079589
180000 0.0807
190000 0.078625
200000 0.07917
210000 0.080256
220000 0.07842
230000 0.079926
240000 0.081442
250000 0.081335
260000 0.079588
270000 0.080474
280000 0.080645
290000 0.080356
300000 0.082017
310000 0.080359
320000 0.081237
330000 0.081488
340000 0.080878
350000 0.080403
360000 0.082109
370000 0.079677
380000 0.079202
390000 0.079555
400000 0.079155
410000 0.078293
420000 0.081193
430000 0.07828
440000 0.078105
450000 0.079857
460000 0.0792
470000 0.081343
480000 0.080694
490000 0.080428
500000 0.079232
510000 0.079668
520000 0.080254
530000 0.079778
540000 0.081104
550000 0.079071
560000 0.081559
570000 0.080573
580000 0.079618
590000 0.080848
600000 0.08073
610000 0.08232
620000 0.079557
630000 0.081043
640000 0.080188
650000 0.079847
660000 0.081239
670000 0.07967
680000 0.080673
690000 0.079602
700000 0.079655
710000 0.079129
720000 0.082425
730000 0.092278
740000 0.091975
750000 0.07956
760000 0.078996
770000 0.079011
780000 0.081094
790000 0.07958
800000 0.07959
810000 0.079596
820000 0.078181
830000 0.079703
840000 0.08183
850000 0.080914
860000 0.080445
870000 0.079667
880000 0.078824
890000 0.081387
900000 0.081455
910000 0.079456
920000 0.083699
930000 0.082904
940000 0.081762
950000 0.082998
960000 0.084753
970000 0.08271
980000 0.097472
990000 0.09298
1000000 0.07976
1010000 0.099344
1020000 0.079601
1030000 0.079072
1040000 0.078435
1050000 0.083949
1060000 0.079251
1070000 0.082115
1080000 0.079843
1090000 0.079708
1100000 0.079299
1110000 0.07903
1120000 0.079551
1130000 0.080493
1140000 0.083911
1150000 0.078716
1160000 0.079001
1170000 0.078855
1180000 0.080071
1190000 0.081047
1200000 0.078762
1210000 0.079577
1220000 0.078699
1230000 0.084922
1240000 0.080411
1250000 0.081098
1260000 0.078377
1270000 0.078568
1280000 0.078467
1290000 0.080341
1300000 0.084273
1310000 0.08183
1320000 0.078844
1330000 0.080199
1340000 0.079874
1350000 0.080036
1360000 0.079677
1370000 0.080603
1380000 0.07929
1390000 0.078855
1400000 0.079567
1410000 0.080114
1420000 0.079684
1430000 0.08132
1440000 0.084147
1450000 0.079617
1460000 0.07921
1470000 0.079571
1480000 0.079914
1490000 0.079335
1500000 0.080216
1510000 0.078028
1520000 0.077084
1530000 0.079881
1540000 0.079382
1550000 0.079004
1560000 0.080898
1570000 0.079196
1580000 0.079271
1590000 0.078576
1600000 0.079692
1610000 0.07915
1620000 0.081815
1630000 0.079615
1640000 0.079793
1650000 0.080723
1660000 0.080003
1670000 0.079393
1680000 0.079345
1690000 0.083596
1700000 0.078927
1710000 0.079195
1720000 0.079344
1730000 0.079947
1740000 0.078275
1750000 0.08224
1760000 0.079988
1770000 0.082225
1780000 0.080383
1790000 0.078791
1800000 0.07857
1810000 0.081427
1820000 0.075246
1830000 0.079063
1840000 0.075826
1850000 0.079563
1860000 0.078506
1870000 0.080292
1880000 0.078623
1890000 0.079066
1900000 0.079041
1910000 0.079231
1920000 0.079455
1930000 0.079473
1940000 0.080991
1950000 0.079827
1960000 0.078439
1970000 0.079631
1980000 0.080263
1990000 0.079213
