10000 0.033538
20000 0.036967
30000 0.034471
40000 0.035796
50000 0.048878
60000 0.035177
70000 0.036438
80000 0.039622
90000 0.038712
100000 0.036808
110000 0.021071
120000 0.03791
130000 0.034809
140000 0.036176
150000 0.034806
160000 0.039072
170000 0.038414
180000 0.036209
190000 0.03645
200000 0.036602
210000 0.037548
220000 0.039406
230000 0.036963
240000 0.035593
250000 0.037003
260000 0.03459
270000 0.036731
280000 0.035962
290000 0.035566
300000 0.038884
310000 0.037101
320000 0.033645
330000 0.033403
340000 0.033238
350000 0.03574
360000 0.035712
370000 0.041719
380000 0.037906
390000 0.038474
400000 0.034691
410000 0.037475
420000 0.034971
430000 0.038707
440000 0.035699
450000 0.044134
460000 0.034829
470000 0.034395
480000 0.037974
490000 0.038543
500000 0.034962
510000 0.033698
520000 0.036391
530000 0.036165
540000 0.037225
550000 0.039293
560000 0.037349
570000 0.038905
580000 0.034631
590000 0.035347
600000 0.038782
610000 0.042744
620000 0.034864
630000 0.035975
640000 0.036954
650000 0.036845
660000 0.036493
670000 0.036787
680000 0.039335
690000 0.035319
700000 0.035119
710000 0.035625
720000 0.033043
730000 0.035329
740000 0.040897
750000 0.0359
760000 0.033712
770000 0.04089
780000 0.041881
790000 0.042313
800000 0.043107
810000 0.042141
820000 0.037841
830000 0.035241
840000 0.032396
850000 0.032669
860000 0.033276
870000 0.034388
880000 0.033657
890000 0.045609
900000 0.032146
910000 0.032161
920000 0.032132
930000 0.03311
940000 0.034519
950000 0.032344
960000 0.032134
970000 0.032145
980000 0.032314
990000 0.033171
1000000 0.032628
1010000 0.033699
1020000 0.03213
1030000 0.032165
1040000 0.032513
1050000 0.032579
1060000 0.033729
1070000 0.032437
1080000 0.033074
1090000 0.032193
1100000 0.032389
1110000 0.032579
1120000 0.032494
1130000 0.033835
1140000 0.032891
1150000 0.032302
1160000 0.033925
1170000 0.033154
1180000 0.032362
1190000 0.03231
1200000 0.032318
1210000 0.032389
1220000 0.032385
1230000 0.033863
1240000 0.032643
1250000 0.032331
1260000 0.032178
1270000 0.032122
1280000 0.03233
1290000 0.032068
1300000 0.033229
1310000 0.032269
1320000 0.032134
1330000 0.032099
1340000 0.032098
1350000 0.03226
1360000 0.033663
1370000 0.033377
1380000 0.033144
1390000 0.032233
1400000 0.032067
1410000 0.032454
1420000 0.033988
1430000 0.0382
1440000 0.033664
1450000 0.033349
1460000 0.032888
1470000 0.033128
1480000 0.032193
1490000 0.032378
1500000 0.032453
1510000 0.032176
1520000 0.032443
1530000 0.036346
1540000 0.032319
1550000 0.032377
1560000 0.032688
1570000 0.032269
1580000 0.032421
1590000 0.032773
1600000 0.032887
1610000 0.03235
1620000 0.032182
1630000 0.032362
1640000 0.032219
1650000 0.034489
1660000 0.032483
1670000 0.033279
1680000 0.032437
1690000 0.032465
1700000 0.032397
1710000 0.03261
1720000 0.03244
1730000 0.032559
1740000 0.032237
1750000 0.033718
1760000 0.03289
1770000 0.043148
1780000 0.032277
1790000 0.032177
1800000 0.033103
1810000 0.032446
1820000 0.035955
1830000 0.03218
1840000 0.032321
1850000 0.032267
1860000 0.032253
1870000 0.032171
1880000 0.032101
1890000 0.033115
1900000 0.03229
1910000 0.032149
1920000 0.032049
1930000 0.032171
1940000 0.034071
1950000 0.032422
1960000 0.033034
1970000 0.032233
1980000 0.032152
1990000 0.032206
